[000] Registrar started; n = 2.
[000] [W 001][RECV] 000100	       9.8
[000] [W 002][RECV] 000100	       9.8
[000] [W 001][RECV] 000200	       9.7
[000] [W 002][RECV] 000200	       9.7
[000] [W 001][RECV] 000300	       9.8
[000] [W 002][RECV] 000300	       9.8
[000] [W 001][RECV] 000400	       9.8
[000] [W 002][RECV] 000400	       9.8
[000] [W 001][RECV] 000500	       9.8
[000] [W 002][RECV] 000500	       9.8
[000] [W 002][RECV] 000600	       9.8
[000] [W 001][RECV] 000600	       9.8
[000] [W 002][RECV] 000700	       9.8
[000] [W 001][RECV] 000700	       9.8
[000] [W 002][RECV] 000800	       9.8
[000] [W 001][RECV] 000800	       9.8
[000] [W 001][RECV] 000900	       9.8
[000] [W 002][RECV] 000900	       9.8
[000] [W 001][RECV] 001000	       9.9
[000] [W 002][RECV] 001000	       9.9
[000] [W 002][RECV] 001100	       9.9
[000] [W 001][RECV] 001100	       9.9
[000] [W 002][RECV] 001200	       9.9
[000] [W 001][RECV] 001200	       9.9
[000] [W 002][RECV] 001300	       9.9
[000] [W 001][RECV] 001300	       9.9
[000] [W 002][RECV] 001400	       9.9
[000] [W 001][RECV] 001400	       9.9
[000] [W 001][RECV] 001500	       9.9
[000] [W 002][RECV] 001500	       9.9
[000] [W 001][RECV] 001600	       9.9
[000] [W 002][RECV] 001600	       9.9
[000] [W 001][RECV] 001700	       9.9
[000] [W 002][RECV] 001700	       9.9
[000] [W 002][RECV] 001800	       9.9
[000] [W 001][RECV] 001800	       9.9
[000] [W 001][RECV] 001900	       9.9
[000] [W 002][RECV] 001900	       9.9
[000] [W 002][RECV] 002000	       9.9
[000] [W 001][RECV] 002000	       9.9
[000] [W 001][RECV] 002100	       9.9
[000] [W 002][RECV] 002100	       9.9
[000] [W 002][RECV] 002200	       9.9
[000] [W 001][RECV] 002200	       9.9
[000] [W 001][RECV] 002300	       9.9
[000] [W 002][RECV] 002300	       9.9
[000] [W 002][RECV] 002400	       9.9
[000] [W 001][RECV] 002400	       9.9
[000] [W 002][RECV] 002500	       9.9
[000] [W 001][RECV] 002500	       9.9
[000] [W 001][RECV] 002600	       9.9
[000] [W 002][RECV] 002600	       9.9
[000] [W 002][RECV] 002700	       9.9
[000] [W 001][RECV] 002700	       9.9
[000] [W 002][RECV] 002800	       9.9
[000] [W 001][RECV] 002800	       9.9
[000] [W 001][RECV] 002900	       9.9
[000] [W 002][RECV] 002900	       9.9
[000] [W 001][RECV] 003000	       9.9
[000] [W 002][RECV] 003000	       9.9
[000] [W 002][RECV] 003100	       9.9
[000] [W 001][RECV] 003100	       9.9
[000] [W 002][RECV] 003200	       9.9
[000] [W 001][RECV] 003200	       9.9
[000] [W 001][RECV] 003300	       9.9
[000] [W 002][RECV] 003300	       9.9
[000] [W 002][RECV] 003400	       9.9
[000] [W 001][RECV] 003400	       9.9
[000] [W 001][RECV] 003500	       9.9
[000] [W 002][RECV] 003500	       9.9
[000] [W 001][RECV] 003600	       9.9
[000] [W 002][RECV] 003600	       9.9
[000] [W 002][RECV] 003700	       9.9
[000] [W 001][RECV] 003700	       9.9
[000] [W 001][RECV] 003800	       9.9
[000] [W 002][RECV] 003800	       9.9
[000] [W 001][RECV] 003900	       9.9
[000] [W 002][RECV] 003900	       9.9
[000] [W 002][RECV] 004000	       9.9
[000] [W 001][RECV] 004000	       9.9
[000] [W 001][RECV] 004100	       9.9
[000] [W 002][RECV] 004100	       9.9
[000] [W 002][RECV] 004200	       9.9
[000] [W 001][RECV] 004200	       9.9
[000] [W 001][RECV] 004300	       9.9
[000] [W 002][RECV] 004300	       9.9
[000] [W 001][RECV] 004400	       9.9
[000] [W 002][RECV] 004400	       9.9
[000] [W 001][RECV] 004500	       9.9
[000] [W 002][RECV] 004500	       9.9
[000] [W 001][RECV] 004600	       9.9
[000] [W 002][RECV] 004600	       9.9
[000] [W 002][RECV] 004700	       9.9
[000] [W 001][RECV] 004700	       9.9
[000] [W 002][RECV] 004800	       9.9
[000] [W 001][RECV] 004800	       9.9
[000] [W 002][RECV] 004900	       9.9
[000] [W 001][RECV] 004900	       9.9
[000] [W 001][RECV] 005000	       9.9
[000] [W 002][RECV] 005000	       9.9
[000] [W 001][RECV] 005100	       9.9
[000] [W 002][RECV] 005100	       9.9
[000] [W 001][RECV] 005200	       9.9
[000] [W 002][RECV] 005200	       9.9
[000] [W 001][RECV] 005300	       9.9
[000] [W 002][RECV] 005300	       9.9
[000] [W 001][RECV] 005400	       9.9
[000] [W 002][RECV] 005400	       9.9
[000] [W 001][RECV] 005500	       9.9
[000] [W 002][RECV] 005500	       9.9
[000] [W 001][RECV] 005600	       9.9
[000] [W 002][RECV] 005600	       9.9
[000] [W 002][RECV] 005700	       9.9
[000] [W 001][RECV] 005700	       9.9
[000] [W 002][RECV] 005800	       9.9
[000] [W 001][RECV] 005800	       9.9
[000] [W 002][RECV] 005900	       9.9
[000] [W 001][RECV] 005900	       9.9
[000] [W 002][RECV] 006000	       9.9
[000] [W 001][RECV] 006000	       9.9
[000] [W 002][RECV] 006100	       9.9
[000] [W 001][RECV] 006100	       9.9
[000] [W 002][RECV] 006200	       9.9
[000] [W 001][RECV] 006200	       9.9
[000] [W 002][RECV] 006300	       9.9
[000] [W 001][RECV] 006300	       9.9
[000] [W 001][RECV] 006400	       0.0
[000] [W 002][RECV] 006400	       0.0
[000] [W 002][RECV] 006500	       9.9
[000] [W 001][RECV] 006500	       9.9
[000] [W 001][RECV] 006600	       9.9
[000] [W 002][RECV] 006600	       9.9
[000] [W 001][RECV] 006700	       9.9
[000] [W 002][RECV] 006700	       9.9
[000] [W 002][RECV] 006800	       9.9
[000] [W 001][RECV] 006800	       9.9
[000] [W 001][RECV] 006900	       9.9
[000] [W 002][RECV] 006900	       9.9
[000] [W 002][RECV] 007000	       9.9
[000] [W 001][RECV] 007000	       9.9
